Arguments: 
  /usr/local/bin/node /usr/local/bin/yarn add inquirer.js

PATH: 
  /opt/homebrew/bin:/opt/homebrew/sbin:/usr/local/bin:/System/Cryptexes/App/usr/bin:/usr/bin:/bin:/usr/sbin:/sbin:/Library/Apple/usr/bin:/opt/homebrew/bin:/opt/homebrew/sbin:/Users/binovagautam/library/android/sdk/platform-tools:/Users/binovagautam/library/android/sdk/tools:/Users/binovagautam/library/android/sdk/tools/bin:/Users/binovagautam/library/android/sdk/emulator:/Users/binovagautam/library/android/sdk/platform-tools:/Users/binovagautam/library/android/sdk/tools:/Users/binovagautam/library/android/sdk/tools/bin:/Users/binovagautam/library/android/sdk/emulator

Yarn version: 
  1.22.19

Node version: 
  18.15.0

Platform: 
  darwin arm64

Trace: 
  Error: https://registry.yarnpkg.com/inquirer.js: Not found
      at params.callback [as _callback] (/usr/local/lib/node_modules/yarn/lib/cli.js:66145:18)
      at self.callback (/usr/local/lib/node_modules/yarn/lib/cli.js:140890:22)
      at Request.emit (node:events:513:28)
      at Request.<anonymous> (/usr/local/lib/node_modules/yarn/lib/cli.js:141862:10)
      at Request.emit (node:events:513:28)
      at IncomingMessage.<anonymous> (/usr/local/lib/node_modules/yarn/lib/cli.js:141784:12)
      at Object.onceWrapper (node:events:627:28)
      at IncomingMessage.emit (node:events:525:35)
      at endReadableNT (node:internal/streams/readable:1359:12)
      at process.processTicksAndRejections (node:internal/process/task_queues:82:21)

npm manifest: 
  {
      "name": "binnovative-react-native-starter-kit",
      "version": "0.0.1",
      "description": "React Native starter kit using modern tools and best practices",
      "repository": "git@github.com:beinnovative/binnovative-react-native-starter-kit.git",
      "author": "Binova Gautam <binova1245@gmail.com>",
      "license": "MIT",
      "dependencies": {}
  }

yarn manifest: 
  No manifest

Lockfile: 
  # THIS IS AN AUTOGENERATED FILE. DO NOT EDIT THIS FILE DIRECTLY.
  # yarn lockfile v1
